c:\users\narendra\desktop\codepublisher\executive\debug\publisher.pdb
c:\users\narendra\desktop\codepublisher\executive\debug\publisher.idb
c:\users\narendra\desktop\codepublisher\executive\debug\publisher.obj
c:\users\narendra\desktop\project4\remotecodepagemanagement\executive\debug\publisher.pdb
c:\users\narendra\desktop\project4\remotecodepagemanagement\executive\debug\publisher.idb
c:\users\narendra\desktop\project4\remotecodepagemanagement\executive\debug\publisher.obj
c:\users\narendra\desktop\codepublisher\debug\publisher.lib
c:\users\narendra\desktop\project4\remotecodepagemanagement\debug\publisher.lib
c:\users\narendra\desktop\codepublisher\debug\publisher.exe
c:\users\narendra\desktop\codepublisher\debug\publisher.ilk
c:\users\narendra\desktop\codepublisher\debug\publisher.map
c:\users\narendra\desktop\codepublisher\debug\publisher.pdb
c:\users\narendra\desktop\codepublisher\debug\publisher.exp
c:\users\narendra\desktop\project4\remotecodepagemanagement\debug\publisher.pdb
c:\users\narendra\desktop\project4\remotecodepagemanagement\executive\debug\publisher.tlog\cl.command.1.tlog
c:\users\narendra\desktop\project4\remotecodepagemanagement\executive\debug\publisher.tlog\cl.read.1.tlog
c:\users\narendra\desktop\project4\remotecodepagemanagement\executive\debug\publisher.tlog\cl.write.1.tlog
c:\users\narendra\desktop\project4\remotecodepagemanagement\executive\debug\publisher.tlog\lib-link.read.1.tlog
c:\users\narendra\desktop\project4\remotecodepagemanagement\executive\debug\publisher.tlog\lib-link.write.1.tlog
c:\users\narendra\desktop\project4\remotecodepagemanagement\executive\debug\publisher.tlog\lib.command.1.tlog
c:\users\narendra\desktop\project4\remotecodepagemanagement\executive\debug\publisher.tlog\link.command.1.tlog
c:\users\narendra\desktop\project4\remotecodepagemanagement\executive\debug\publisher.tlog\link.read.1.tlog
c:\users\narendra\desktop\project4\remotecodepagemanagement\executive\debug\publisher.tlog\link.write.1.tlog
c:\users\narendra\desktop\project4\remotecodepagemanagement\executive\debug\publisher.tlog\publisher.write.1u.tlog
