  Translater.cpp
c:\users\shkha\downloads\project4helpwpf (2)\translater\csmessage.h(27): error C2871: 'System': a namespace with this name does not exist
c:\users\shkha\downloads\project4helpwpf (2)\translater\csmessage.h(28): error C2653: 'System': is not a class or namespace name
c:\users\shkha\downloads\project4helpwpf (2)\translater\csmessage.h(28): error C2871: 'Text': a namespace with this name does not exist
c:\users\shkha\downloads\project4helpwpf (2)\translater\csmessage.h(29): error C2653: 'System': is not a class or namespace name
c:\users\shkha\downloads\project4helpwpf (2)\translater\csmessage.h(29): error C2871: 'Generic': a namespace with this name does not exist
c:\users\shkha\downloads\project4helpwpf (2)\translater\csmessage.h(33): error C2061: syntax error: identifier 'String'
c:\users\shkha\downloads\project4helpwpf (2)\translater\csmessage.h(34): error C2061: syntax error: identifier 'String'
c:\users\shkha\downloads\project4helpwpf (2)\translater\csmessage.h(35): error C2061: syntax error: identifier 'Dictionary'
c:\users\shkha\downloads\project4helpwpf (2)\translater\csmessage.h(38): error C2143: syntax error: missing ';' before '{'
c:\users\shkha\downloads\project4helpwpf (2)\translater\csmessage.h(38): error C2447: '{': missing function header (old-style formal list?)
c:\users\shkha\downloads\project4helpwpf (2)\translater\csmessage.h(45): error C2653: 'Sutils': is not a class or namespace name
c:\users\shkha\downloads\project4helpwpf (2)\translater\csmessage.h(45): error C2653: 'System': is not a class or namespace name
c:\users\shkha\downloads\project4helpwpf (2)\translater\csmessage.h(45): error C2065: 'String': undeclared identifier
c:\users\shkha\downloads\project4helpwpf (2)\translater\csmessage.h(45): error C2065: 'str': undeclared identifier
c:\users\shkha\downloads\project4helpwpf (2)\translater\csmessage.h(46): error C2448: 'MsgPassingCommunication::MtoNstr': function-style initializer appears to be a function definition
c:\users\shkha\downloads\project4helpwpf (2)\translater\csmessage.h(56): error C2143: syntax error: missing ';' before '^'
c:\users\shkha\downloads\project4helpwpf (2)\translater\csmessage.h(56): error C4430: missing type specifier - int assumed. Note: C++ does not support default-int
c:\users\shkha\downloads\project4helpwpf (2)\translater\csmessage.h(56): error C2653: 'Sutils': is not a class or namespace name
c:\users\shkha\downloads\project4helpwpf (2)\translater\csmessage.h(56): error C3193: '^': requires '/clr' or '/ZW' command line option
c:\users\shkha\downloads\project4helpwpf (2)\translater\csmessage.h(57): error C4430: missing type specifier - int assumed. Note: C++ does not support default-int
c:\users\shkha\downloads\project4helpwpf (2)\translater\csmessage.h(57): error C2059: syntax error: '{'
c:\users\shkha\downloads\project4helpwpf (2)\translater\csmessage.h(57): error C2143: syntax error: missing ';' before '{'
c:\users\shkha\downloads\project4helpwpf (2)\translater\csmessage.h(57): error C2447: '{': missing function header (old-style formal list?)
c:\users\shkha\downloads\project4helpwpf (2)\translater\csmessage.h(66): error C2059: syntax error: 'public'
c:\users\shkha\downloads\project4helpwpf (2)\translater\csmessage.h(67): error C2143: syntax error: missing ';' before '{'
c:\users\shkha\downloads\project4helpwpf (2)\translater\csmessage.h(67): error C2447: '{': missing function header (old-style formal list?)
c:\users\shkha\downloads\project4helpwpf (2)\translater\csmessage.h(81): error C2143: syntax error: missing ';' before '^'
c:\users\shkha\downloads\project4helpwpf (2)\translater\csmessage.h(81): error C4430: missing type specifier - int assumed. Note: C++ does not support default-int
c:\users\shkha\downloads\project4helpwpf (2)\translater\csmessage.h(81): error C2086: 'int MsgPassingCommunication::String': redefinition
  c:\users\shkha\downloads\project4helpwpf (2)\translater\csmessage.h(56): note: see declaration of 'MsgPassingCommunication::String'
c:\users\shkha\downloads\project4helpwpf (2)\translater\csmessage.h(81): error C2653: 'CsEndPoint': is not a class or namespace name
c:\users\shkha\downloads\project4helpwpf (2)\translater\csmessage.h(81): error C3193: '^': requires '/clr' or '/ZW' command line option
c:\users\shkha\downloads\project4helpwpf (2)\translater\csmessage.h(81): error C2065: 'CsEndPoint': undeclared identifier
c:\users\shkha\downloads\project4helpwpf (2)\translater\csmessage.h(81): error C2065: 'ep': undeclared identifier
c:\users\shkha\downloads\project4helpwpf (2)\translater\csmessage.h(82): error C2448: 'MsgPassingCommunication::toString': function-style initializer appears to be a function definition
c:\users\shkha\downloads\project4helpwpf (2)\translater\csmessage.h(88): error C2143: syntax error: missing ';' before '^'
c:\users\shkha\downloads\project4helpwpf (2)\translater\csmessage.h(88): error C4430: missing type specifier - int assumed. Note: C++ does not support default-int
c:\users\shkha\downloads\project4helpwpf (2)\translater\csmessage.h(88): error C2825: 'MsgPassingCommunication::CsEndPoint': must be a class or namespace when followed by '::'
c:\users\shkha\downloads\project4helpwpf (2)\translater\csmessage.h(88): error C2510: 'CsEndPoint': left of '::' must be a class/struct/union
c:\users\shkha\downloads\project4helpwpf (2)\translater\csmessage.h(88): error C3193: '^': requires '/clr' or '/ZW' command line option
c:\users\shkha\downloads\project4helpwpf (2)\translater\csmessage.h(88): error C2065: 'epStr': undeclared identifier
c:\users\shkha\downloads\project4helpwpf (2)\translater\csmessage.h(89): error C2448: 'MsgPassingCommunication::fromString': function-style initializer appears to be a function definition
c:\users\shkha\downloads\project4helpwpf (2)\translater\csmessage.h(98): error C2059: syntax error: 'public'
c:\users\shkha\downloads\project4helpwpf (2)\translater\csmessage.h(99): error C2143: syntax error: missing ';' before '{'
c:\users\shkha\downloads\project4helpwpf (2)\translater\csmessage.h(99): error C2447: '{': missing function header (old-style formal list?)
c:\users\shkha\downloads\project4helpwpf (2)\translater\translater.h(37): error C2871: 'System': a namespace with this name does not exist
c:\users\shkha\downloads\project4helpwpf (2)\translater\translater.h(38): error C2653: 'System': is not a class or namespace name
c:\users\shkha\downloads\project4helpwpf (2)\translater\translater.h(38): error C2871: 'Text': a namespace with this name does not exist
c:\users\shkha\downloads\project4helpwpf (2)\translater\translater.h(42): error C2059: syntax error: 'public'
c:\users\shkha\downloads\project4helpwpf (2)\translater\translater.h(43): error C2143: syntax error: missing ';' before '{'
c:\users\shkha\downloads\project4helpwpf (2)\translater\translater.h(43): error C2447: '{': missing function header (old-style formal list?)
c:\users\shkha\downloads\project4helpwpf (2)\translater\translater.h(58): error C2653: 'Translater': is not a class or namespace name
c:\users\shkha\downloads\project4helpwpf (2)\translater\translater.h(59): error C4430: missing type specifier - int assumed. Note: C++ does not support default-int
c:\users\shkha\downloads\project4helpwpf (2)\translater\translater.h(60): error C2065: 'ep_': undeclared identifier
c:\users\shkha\downloads\project4helpwpf (2)\translater\translater.h(60): error C2065: 'gcnew': undeclared identifier
c:\users\shkha\downloads\project4helpwpf (2)\translater\translater.h(60): error C2146: syntax error: missing ';' before identifier 'CsEndPoint'
c:\users\shkha\downloads\project4helpwpf (2)\translater\translater.h(61): warning C4508: 'MsgPassingCommunication::Translater': function should return a value; 'void' return type assumed
c:\users\shkha\downloads\project4helpwpf (2)\translater\translater.h(64): error C2510: 'Translater': left of '::' must be a class/struct/union
c:\users\shkha\downloads\project4helpwpf (2)\translater\translater.h(64): error C2065: 'ep': undeclared identifier
c:\users\shkha\downloads\project4helpwpf (2)\translater\translater.h(64): error C2065: 'rcvPath': undeclared identifier
c:\users\shkha\downloads\project4helpwpf (2)\translater\translater.h(64): error C2065: 'sndPath': undeclared identifier
c:\users\shkha\downloads\project4helpwpf (2)\translater\translater.h(64): error C2182: 'listen': illegal use of type 'void'
c:\users\shkha\downloads\project4helpwpf (2)\translater\translater.h(65): error C2448: 'MsgPassingCommunication::listen': function-style initializer appears to be a function definition
c:\users\shkha\downloads\project4helpwpf (2)\translater\translater.h(76): error C2143: syntax error: missing ';' before '^'
c:\users\shkha\downloads\project4helpwpf (2)\translater\translater.h(76): error C4430: missing type specifier - int assumed. Note: C++ does not support default-int
c:\users\shkha\downloads\project4helpwpf (2)\translater\translater.h(76): error C2510: 'Translater': left of '::' must be a class/struct/union
c:\users\shkha\downloads\project4helpwpf (2)\translater\translater.h(76): error C3193: '^': requires '/clr' or '/ZW' command line option
c:\users\shkha\downloads\project4helpwpf (2)\translater\translater.h(77): error C4430: missing type specifier - int assumed. Note: C++ does not support default-int
c:\users\shkha\downloads\project4helpwpf (2)\translater\translater.h(77): error C2059: syntax error: '{'
c:\users\shkha\downloads\project4helpwpf (2)\translater\translater.h(77): error C2143: syntax error: missing ';' before '{'
c:\users\shkha\downloads\project4helpwpf (2)\translater\translater.h(77): error C2447: '{': missing function header (old-style formal list?)
c:\users\shkha\downloads\project4helpwpf (2)\translater\translater.h(88): error C2510: 'Translater': left of '::' must be a class/struct/union
c:\users\shkha\downloads\project4helpwpf (2)\translater\translater.h(88): error C2065: 'csMsg': undeclared identifier
c:\users\shkha\downloads\project4helpwpf (2)\translater\translater.h(89): error C2448: 'MsgPassingCommunication::fromCsMessage': function-style initializer appears to be a function definition
c:\users\shkha\downloads\project4helpwpf (2)\translater\translater.h(102): error C2510: 'Translater': left of '::' must be a class/struct/union
c:\users\shkha\downloads\project4helpwpf (2)\translater\translater.h(102): error C2065: 'csMsg': undeclared identifier
c:\users\shkha\downloads\project4helpwpf (2)\translater\translater.h(102): error C2182: 'postMessage': illegal use of type 'void'
c:\users\shkha\downloads\project4helpwpf (2)\translater\translater.h(102): error C7525: inline variables require at least '/std:c++17'
c:\users\shkha\downloads\project4helpwpf (2)\translater\translater.h(103): error C2448: 'MsgPassingCommunication::postMessage': function-style initializer appears to be a function definition
c:\users\shkha\downloads\project4helpwpf (2)\translater\translater.h(110): error C2143: syntax error: missing ';' before '^'
c:\users\shkha\downloads\project4helpwpf (2)\translater\translater.h(110): error C7525: inline variables require at least '/std:c++17'
c:\users\shkha\downloads\project4helpwpf (2)\translater\translater.h(110): error C4430: missing type specifier - int assumed. Note: C++ does not support default-int
c:\users\shkha\downloads\project4helpwpf (2)\translater\translater.h(110): error C2086: 'int MsgPassingCommunication::CsMessage': redefinition
  c:\users\shkha\downloads\project4helpwpf (2)\translater\translater.h(76): note: see declaration of 'MsgPassingCommunication::CsMessage'
c:\users\shkha\downloads\project4helpwpf (2)\translater\translater.h(110): error C2510: 'Translater': left of '::' must be a class/struct/union
c:\users\shkha\downloads\project4helpwpf (2)\translater\translater.h(110): error C3193: '^': requires '/clr' or '/ZW' command line option
c:\users\shkha\downloads\project4helpwpf (2)\translater\translater.h(111): error C4430: missing type specifier - int assumed. Note: C++ does not support default-int
c:\users\shkha\downloads\project4helpwpf (2)\translater\translater.h(111): error C2059: syntax error: '{'
c:\users\shkha\downloads\project4helpwpf (2)\translater\translater.h(111): error C2143: syntax error: missing ';' before '{'
c:\users\shkha\downloads\project4helpwpf (2)\translater\translater.h(111): error C2447: '{': missing function header (old-style formal list?)
c:\users\shkha\downloads\project4helpwpf (2)\translater\translater.cpp(19): error C2065: 'ep': undeclared identifier
c:\users\shkha\downloads\project4helpwpf (2)\translater\translater.cpp(19): error C2065: 'gcnew': undeclared identifier
c:\users\shkha\downloads\project4helpwpf (2)\translater\translater.cpp(19): error C2146: syntax error: missing ';' before identifier 'CsEndPoint'
c:\users\shkha\downloads\project4helpwpf (2)\translater\translater.cpp(20): error C2065: 'ep': undeclared identifier
c:\users\shkha\downloads\project4helpwpf (2)\translater\translater.cpp(21): error C2065: 'ep': undeclared identifier
c:\users\shkha\downloads\project4helpwpf (2)\translater\translater.cpp(22): error C2065: 'epStr': undeclared identifier
c:\users\shkha\downloads\project4helpwpf (2)\translater\translater.cpp(22): error C2825: 'MsgPassingCommunication::CsEndPoint': must be a class or namespace when followed by '::'
c:\users\shkha\downloads\project4helpwpf (2)\translater\translater.cpp(22): error C2510: 'CsEndPoint': left of '::' must be a class/struct/union
c:\users\shkha\downloads\project4helpwpf (2)\translater\translater.cpp(22): error C2065: 'ep': undeclared identifier
c:\users\shkha\downloads\project4helpwpf (2)\translater\translater.cpp(23): error C2653: 'Console': is not a class or namespace name
c:\users\shkha\downloads\project4helpwpf (2)\translater\translater.cpp(23): error C2065: 'epStr': undeclared identifier
c:\users\shkha\downloads\project4helpwpf (2)\translater\translater.cpp(23): error C3861: 'Write': identifier not found
c:\users\shkha\downloads\project4helpwpf (2)\translater\translater.cpp(24): error C2065: 'newEp': undeclared identifier
c:\users\shkha\downloads\project4helpwpf (2)\translater\translater.cpp(24): error C2825: 'MsgPassingCommunication::CsEndPoint': must be a class or namespace when followed by '::'
c:\users\shkha\downloads\project4helpwpf (2)\translater\translater.cpp(24): error C2510: 'CsEndPoint': left of '::' must be a class/struct/union
c:\users\shkha\downloads\project4helpwpf (2)\translater\translater.cpp(24): error C2065: 'epStr': undeclared identifier
c:\users\shkha\downloads\project4helpwpf (2)\translater\translater.cpp(25): error C2653: 'Console': is not a class or namespace name
c:\users\shkha\downloads\project4helpwpf (2)\translater\translater.cpp(25): error C2065: 'newEp': undeclared identifier
c:\users\shkha\downloads\project4helpwpf (2)\translater\translater.cpp(25): error C3861: 'Write': identifier not found
c:\users\shkha\downloads\project4helpwpf (2)\translater\translater.cpp(29): error C2065: 'ep2': undeclared identifier
c:\users\shkha\downloads\project4helpwpf (2)\translater\translater.cpp(29): error C2065: 'gcnew': undeclared identifier
c:\users\shkha\downloads\project4helpwpf (2)\translater\translater.cpp(29): error C2146: syntax error: missing ';' before identifier 'CsEndPoint'
c:\users\shkha\downloads\project4helpwpf (2)\translater\translater.cpp(30): error C2065: 'ep2': undeclared identifier
c:\users\shkha\downloads\project4helpwpf (2)\translater\translater.cpp(30): fatal error C1003: error count exceeds 100; stopping compilation
